TN:
SF:app/components/Layout.tsx
FN:10,Layout
FN:13,(anonymous_1)
FNF:2
FNH:2
FNDA:6,Layout
FNDA:25,(anonymous_1)
DA:11,6
DA:12,6
DA:13,6
DA:14,25
DA:15,6
LF:5
LH:5
BRDA:14,0,0,6
BRDA:14,0,1,19
BRDA:27,1,0,6
BRDA:27,1,1,1
BRDA:38,2,0,5
BRDA:38,2,1,1
BRF:6
BRH:6
end_of_record
TN:
SF:app/components/Markdown.tsx
FN:6,Markdown
FNF:1
FNH:1
FNDA:3,Markdown
DA:7,3
LF:1
LH:1
BRDA:9,0,0,3
BRDA:9,0,1,2
BRF:2
BRH:2
end_of_record
TN:
SF:app/components/ProjectSidebar.tsx
FN:9,ProjectSidebar
FN:12,(anonymous_1)
FNF:2
FNH:2
FNDA:5,ProjectSidebar
FNDA:60,(anonymous_1)
DA:10,5
DA:11,5
DA:12,5
DA:13,60
DA:14,43
DA:15,60
DA:24,5
LF:7
LH:7
BRDA:12,0,0,60
BRDA:13,1,0,17
BRDA:13,1,1,43
BRDA:14,2,0,43
BRDA:14,2,1,38
BRDA:18,3,0,6
BRDA:18,3,1,37
BRF:7
BRH:7
end_of_record
TN:
SF:app/components/badges.tsx
FN:1,StatusBadge
FN:13,PriorityBadge
FN:19,TrackerBadge
FN:25,ProgressBar
FNF:4
FNH:4
FNDA:2,StatusBadge
FNDA:1,PriorityBadge
FNDA:1,TrackerBadge
FNDA:3,ProgressBar
DA:2,2
DA:14,1
DA:20,1
DA:26,3
DA:27,3
LF:5
LH:5
BRDA:4,0,0,1
BRDA:4,0,1,1
BRF:2
BRH:2
end_of_record
TN:
SF:app/lib/format.ts
FN:1,formatDate
FN:11,formatDateTime
FN:23,timeAgo
FN:38,formatHours
FN:43,slugify
FNF:5
FNH:5
FNDA:7,formatDate
FNDA:5,formatDateTime
FNDA:9,timeAgo
FNDA:5,formatHours
FNDA:6,slugify
DA:2,7
DA:3,5
DA:4,7
DA:5,4
DA:6,4
DA:7,4
DA:8,4
DA:12,5
DA:13,3
DA:14,5
DA:15,2
DA:16,2
DA:17,2
DA:18,2
DA:19,2
DA:20,2
DA:24,9
DA:25,7
DA:26,9
DA:27,9
DA:28,9
DA:29,6
DA:30,6
DA:31,4
DA:32,4
DA:33,2
DA:34,2
DA:35,1
DA:39,5
DA:40,3
DA:44,6
LF:31
LH:31
BRDA:2,0,0,2
BRDA:2,0,1,5
BRDA:3,1,0,2
BRDA:3,1,1,3
BRDA:3,2,0,1
BRDA:3,2,1,2
BRDA:4,3,0,1
BRDA:4,3,1,6
BRDA:12,4,0,2
BRDA:12,4,1,3
BRDA:13,5,0,1
BRDA:13,5,1,2
BRDA:13,6,0,1
BRDA:13,6,1,1
BRDA:14,7,0,1
BRDA:14,7,1,4
BRDA:24,8,0,2
BRDA:24,8,1,7
BRDA:25,9,0,5
BRDA:25,9,1,2
BRDA:25,10,0,1
BRDA:25,10,1,1
BRDA:28,11,0,1
BRDA:28,11,1,8
BRDA:30,12,0,2
BRDA:30,12,1,4
BRDA:32,13,0,2
BRDA:32,13,1,2
BRDA:34,14,0,1
BRDA:34,14,1,1
BRDA:39,15,0,2
BRDA:39,15,1,3
BRF:32
BRH:32
end_of_record
TN:
SF:app/lib/permissions.ts
FN:56,hasPermission
FN:67,(anonymous_1)
FN:74,(anonymous_2)
FNF:3
FNH:3
FNDA:7,hasPermission
FNDA:4,(anonymous_1)
FNDA:4,(anonymous_2)
DA:25,12
DA:61,7
DA:62,6
DA:63,6
DA:68,4
DA:69,4
DA:75,4
DA:76,4
LF:8
LH:8
BRDA:61,0,0,1
BRDA:61,0,1,6
BRDA:63,1,0,6
BRDA:63,1,1,2
BRDA:67,2,0,4
BRDA:74,3,0,4
BRF:6
BRH:6
end_of_record
TN:
SF:app/server/activities.ts
FN:25,logActivityImpl
FN:49,listActivitiesImpl
FNF:2
FNH:2
FNDA:77,logActivityImpl
FNDA:4,listActivitiesImpl
DA:26,77
DA:53,4
DA:54,4
DA:73,4
LF:4
LH:4
BRDA:27,0,0,77
BRDA:27,0,1,1
BRDA:30,1,0,77
BRDA:30,1,1,8
BRDA:32,2,0,77
BRDA:32,2,1,68
BRDA:51,3,0,4
BRDA:53,4,0,1
BRDA:53,4,1,3
BRDA:72,5,0,4
BRDA:72,5,1,2
BRF:11
BRH:11
end_of_record
TN:
SF:app/server/attachments.ts
FN:10,listAttachmentsImpl
FN:27,listProjectFilesImpl
FN:40,uploadAttachmentImpl
FN:48,(anonymous_3)
FN:71,deleteAttachmentImpl
FN:83,streamAttachmentImpl
FNF:6
FNH:6
FNDA:2,listAttachmentsImpl
FNDA:1,listProjectFilesImpl
FNDA:7,uploadAttachmentImpl
FNDA:224,(anonymous_3)
FNDA:2,deleteAttachmentImpl
FNDA:3,streamAttachmentImpl
DA:15,2
DA:28,1
DA:45,7
DA:46,7
DA:47,7
DA:48,224
DA:50,7
DA:51,7
DA:54,7
DA:68,7
DA:76,2
DA:77,2
DA:78,1
DA:79,1
DA:80,1
DA:88,3
DA:89,3
DA:90,2
DA:91,2
DA:92,1
LF:20
LH:20
BRDA:52,0,0,7
BRDA:52,0,1,1
BRDA:60,1,0,7
BRDA:60,1,1,1
BRDA:65,2,0,7
BRDA:65,2,1,6
BRDA:77,3,0,1
BRDA:77,3,1,1
BRDA:89,4,0,1
BRDA:89,4,1,2
BRDA:91,5,0,1
BRDA:91,5,1,1
BRF:12
BRH:12
end_of_record
TN:
SF:app/server/auth-runtime.ts
FNF:0
FNH:0
LF:0
LH:0
BRF:0
BRH:0
end_of_record
TN:
SF:app/server/auth.ts
FN:26,buildAuthContextImpl
FN:48,userFromSessionImpl
FN:70,checkPermission
FNF:3
FNH:3
FNDA:3,buildAuthContextImpl
FNDA:6,userFromSessionImpl
FNDA:2,checkPermission
DA:27,3
DA:28,3
DA:30,2
DA:39,2
DA:40,2
DA:41,2
DA:42,40
DA:43,2
DA:45,2
DA:53,6
DA:54,6
DA:55,5
DA:56,5
DA:57,3
DA:58,3
DA:59,1
DA:75,2
LF:17
LH:17
BRDA:28,0,0,1
BRDA:28,0,1,2
BRDA:41,1,0,2
BRDA:41,1,1,2
BRDA:54,2,0,1
BRDA:54,2,1,5
BRDA:56,3,0,2
BRDA:56,3,1,3
BRDA:58,4,0,2
BRDA:58,4,1,1
BRDA:58,5,0,3
BRDA:58,5,1,2
BRDA:75,6,0,1
BRDA:75,6,1,1
BRF:14
BRH:14
end_of_record
TN:
SF:app/server/categories.ts
FN:8,listCategoriesImpl
FN:22,createCategoryImpl
FN:34,deleteCategoryImpl
FNF:3
FNH:3
FNDA:1,listCategoriesImpl
FNDA:5,createCategoryImpl
FNDA:1,deleteCategoryImpl
DA:9,1
DA:15,1
DA:23,5
DA:31,5
DA:35,1
DA:36,1
LF:6
LH:6
BRDA:28,0,0,5
BRDA:28,0,1,4
BRF:2
BRH:2
end_of_record
TN:
SF:app/server/github-oauth.ts
FN:8,githubConfigured
FN:12,buildAuthorizeUrl
FN:29,exchangeCode
FN:46,fetchProfile
FN:71,(anonymous_4)
FNF:5
FNH:5
FNDA:4,githubConfigured
FNDA:1,buildAuthorizeUrl
FNDA:3,exchangeCode
FNDA:6,fetchProfile
FNDA:3,(anonymous_4)
DA:3,1
DA:4,1
DA:5,1
DA:6,1
DA:9,4
DA:13,1
DA:14,1
DA:15,1
DA:16,1
DA:17,1
DA:18,1
DA:30,3
DA:40,3
DA:41,2
DA:42,2
DA:43,1
DA:47,6
DA:54,6
DA:55,5
DA:57,5
DA:58,4
DA:65,4
DA:66,3
DA:71,3
DA:72,3
DA:75,5
LF:26
LH:26
BRDA:9,0,0,4
BRDA:9,0,1,2
BRDA:40,1,0,1
BRDA:40,1,1,2
BRDA:42,2,0,1
BRDA:42,2,1,1
BRDA:54,3,0,1
BRDA:54,3,1,5
BRDA:57,4,0,4
BRDA:57,4,1,1
BRDA:65,5,0,3
BRDA:65,5,1,1
BRDA:71,6,0,3
BRDA:71,6,1,2
BRDA:71,7,0,3
BRDA:71,7,1,1
BRDA:72,8,0,2
BRDA:72,8,1,1
BRF:18
BRH:18
end_of_record
TN:
SF:app/server/issues.ts
FN:80,listIssuesImpl
FN:136,getIssueImpl
FN:195,(anonymous_2)
FN:218,(anonymous_3)
FN:219,(anonymous_4)
FN:241,createIssueImpl
FN:296,updateIssueImpl
FN:355,(anonymous_7)
FN:372,watchIssueImpl
FN:388,deleteIssueImpl
FNF:10
FNH:10
FNDA:8,listIssuesImpl
FNDA:7,getIssueImpl
FNDA:5,(anonymous_2)
FNDA:5,(anonymous_3)
FNDA:1,(anonymous_4)
FNDA:37,createIssueImpl
FNDA:9,updateIssueImpl
FNDA:6,(anonymous_7)
FNDA:5,watchIssueImpl
FNDA:1,deleteIssueImpl
DA:23,1
DA:71,1
DA:81,8
DA:82,8
DA:83,8
DA:84,8
DA:85,7
DA:86,8
DA:87,8
DA:88,8
DA:89,1
DA:90,1
DA:95,8
DA:101,8
DA:133,8
DA:137,7
DA:138,7
DA:153,6
DA:195,6
DA:196,6
DA:199,7
DA:200,7
DA:201,4
DA:202,4
DA:203,4
DA:206,6
DA:218,5
DA:219,1
DA:223,1
DA:247,37
DA:250,37
DA:253,37
DA:254,1
DA:257,36
DA:278,36
DA:286,36
DA:289,1
DA:301,9
DA:302,9
DA:304,8
DA:305,8
DA:306,8
DA:307,8
DA:310,8
DA:316,8
DA:318,8
DA:319,6
DA:323,6
DA:324,6
DA:333,6
DA:335,6
DA:336,7
DA:337,7
DA:338,6
DA:347,8
DA:348,7
DA:352,7
DA:353,5
DA:355,6
DA:357,7
DA:369,8
DA:378,5
DA:379,4
DA:381,1
DA:385,5
DA:389,1
DA:390,1
LF:67
LH:67
BRDA:81,0,0,8
BRDA:81,0,1,1
BRDA:82,1,0,8
BRDA:82,1,1,6
BRDA:84,2,0,1
BRDA:84,2,1,7
BRDA:85,3,0,1
BRDA:85,3,1,6
BRDA:86,4,0,1
BRDA:86,4,1,7
BRDA:87,5,0,1
BRDA:87,5,1,7
BRDA:88,6,0,1
BRDA:88,6,1,7
BRDA:95,7,0,1
BRDA:95,7,1,7
BRDA:97,8,0,1
BRDA:97,8,1,6
BRDA:138,9,0,1
BRDA:138,9,1,6
BRDA:159,10,0,2
BRDA:159,10,1,4
BRDA:162,11,0,1
BRDA:162,11,1,5
BRDA:165,12,0,1
BRDA:165,12,1,5
BRDA:168,13,0,1
BRDA:168,13,1,5
BRDA:196,14,0,4
BRDA:196,14,1,2
BRDA:201,15,0,4
BRDA:201,15,1,4
BRDA:218,16,0,5
BRDA:218,16,1,1
BRDA:247,17,0,37
BRDA:247,17,1,36
BRDA:250,18,0,37
BRDA:250,18,1,36
BRDA:253,19,0,1
BRDA:253,19,1,36
BRDA:253,20,0,37
BRDA:253,20,1,36
BRDA:267,21,0,36
BRDA:267,21,1,36
BRDA:268,22,0,37
BRDA:268,22,1,36
BRDA:269,23,0,37
BRDA:269,23,1,36
BRDA:270,24,0,37
BRDA:270,24,1,36
BRDA:271,25,0,37
BRDA:271,25,1,36
BRDA:272,26,0,37
BRDA:272,26,1,36
BRDA:273,27,0,37
BRDA:273,27,1,36
BRDA:302,28,0,1
BRDA:302,28,1,8
BRDA:307,29,0,7
BRDA:307,29,1,1
BRDA:318,30,0,6
BRDA:318,30,1,2
BRDA:323,31,0,6
BRDA:323,31,1,4
BRDA:329,32,0,1
BRDA:329,32,1,5
BRDA:337,33,0,1
BRDA:337,33,1,6
BRDA:337,34,0,7
BRDA:337,34,1,1
BRDA:337,35,0,7
BRDA:337,35,1,1
BRDA:341,36,0,1
BRDA:341,36,1,5
BRDA:342,37,0,1
BRDA:342,37,1,5
BRDA:347,38,0,7
BRDA:347,38,1,1
BRDA:347,39,0,8
BRDA:347,39,1,5
BRDA:352,40,0,5
BRDA:352,40,1,2
BRDA:360,41,0,3
BRDA:360,41,1,4
BRDA:363,42,0,3
BRDA:363,42,1,4
BRDA:378,43,0,4
BRDA:378,43,1,1
BRF:88
BRH:88
end_of_record
TN:
SF:app/server/markdown.ts
FN:8,sanitize
FN:17,renderMarkdown
FN:24,linkifyRefs
FNF:3
FNH:3
FNDA:6,sanitize
FNDA:7,renderMarkdown
FNDA:3,linkifyRefs
DA:4,1
DA:9,6
DA:18,7
DA:19,6
DA:20,6
DA:25,3
LF:6
LH:6
BRDA:18,0,0,1
BRDA:18,0,1,6
BRF:2
BRH:2
end_of_record
TN:
SF:app/server/members.ts
FN:8,listMembersImpl
FN:29,listAllUsersImpl
FN:43,listRolesImpl
FN:47,addMemberImpl
FN:55,removeMemberImpl
FN:60,changeMemberRoleImpl
FNF:6
FNH:6
FNDA:3,listMembersImpl
FNDA:1,listAllUsersImpl
FNDA:3,listRolesImpl
FNDA:2,addMemberImpl
FNDA:1,removeMemberImpl
FNDA:1,changeMemberRoleImpl
DA:9,3
DA:30,1
DA:44,3
DA:51,2
DA:52,2
DA:56,1
DA:57,1
DA:65,1
DA:66,1
LF:9
LH:9
BRF:0
BRH:0
end_of_record
TN:
SF:app/server/password.ts
FN:7,toBase64
FN:13,fromBase64
FN:20,pbkdf2
FN:42,hashPassword
FN:48,verifyPassword
FNF:5
FNH:5
FNDA:19,toBase64
FNDA:5,fromBase64
FNDA:12,pbkdf2
FNDA:7,hashPassword
FNDA:8,verifyPassword
DA:4,1
DA:5,1
DA:8,19
DA:9,496
DA:10,19
DA:14,5
DA:15,5
DA:16,80
DA:17,5
DA:21,12
DA:22,12
DA:29,12
DA:39,12
DA:43,7
DA:44,7
DA:45,7
DA:53,8
DA:54,5
DA:55,5
DA:56,5
DA:58,5
DA:59,4
DA:60,4
DA:61,176
DA:63,4
LF:25
LH:25
BRDA:53,0,0,3
BRDA:53,0,1,5
BRDA:53,1,0,8
BRDA:53,1,1,6
BRDA:58,2,0,1
BRDA:58,2,1,4
BRF:6
BRH:6
end_of_record
TN:
SF:app/server/projects.ts
FN:62,listProjectsImpl
FN:68,(anonymous_1)
FN:70,(anonymous_2)
FN:75,getProjectImpl
FN:121,(anonymous_4)
FN:128,createProjectImpl
FN:151,(anonymous_6)
FN:157,(anonymous_7)
FN:180,updateProjectImpl
FN:200,deleteProjectImpl
FNF:10
FNH:10
FNDA:3,listProjectsImpl
FNDA:3,(anonymous_1)
FNDA:3,(anonymous_2)
FNDA:7,getProjectImpl
FNDA:6,(anonymous_4)
FNDA:6,createProjectImpl
FNDA:30,(anonymous_6)
FNDA:16,(anonymous_7)
FNDA:2,updateProjectImpl
FNDA:1,deleteProjectImpl
DA:28,1
DA:37,1
DA:50,1
DA:67,3
DA:68,3
DA:69,2
DA:70,1
DA:71,3
DA:81,7
DA:84,7
DA:85,6
DA:86,4
DA:87,3
DA:88,1
DA:91,4
DA:118,4
DA:121,6
DA:133,6
DA:136,6
DA:138,5
DA:149,5
DA:151,30
DA:153,5
DA:154,5
DA:155,4
DA:157,16
DA:160,5
DA:161,5
DA:162,4
DA:167,5
DA:169,5
DA:177,5
DA:184,2
DA:196,2
DA:197,1
DA:201,1
DA:202,1
LF:37
LH:37
BRDA:68,0,0,1
BRDA:68,0,1,2
BRDA:68,1,0,3
BRDA:68,1,1,2
BRDA:69,2,0,1
BRDA:69,2,1,1
BRDA:71,3,0,3
BRDA:71,3,1,2
BRDA:84,4,0,1
BRDA:84,4,1,6
BRDA:85,5,0,4
BRDA:85,5,1,2
BRDA:86,6,0,1
BRDA:86,6,1,3
BRDA:87,7,0,1
BRDA:87,7,1,2
BRDA:87,8,0,3
BRDA:87,8,1,2
BRDA:136,9,0,1
BRDA:136,9,1,5
BRDA:154,10,0,4
BRDA:154,10,1,1
BRDA:161,11,0,4
BRDA:161,11,1,1
BRDA:196,12,0,1
BRDA:196,12,1,1
BRF:26
BRH:26
end_of_record
TN:
SF:app/server/search.ts
FN:34,visibleProjectIdsImpl
FN:41,(anonymous_1)
FN:47,(anonymous_2)
FN:48,(anonymous_3)
FN:56,searchImpl
FN:67,(anonymous_5)
FN:87,(anonymous_6)
FNF:7
FNH:7
FNDA:7,visibleProjectIdsImpl
FNDA:4,(anonymous_1)
FNDA:2,(anonymous_2)
FNDA:2,(anonymous_3)
FNDA:3,searchImpl
FNDA:3,(anonymous_5)
FNDA:3,(anonymous_6)
DA:39,7
DA:40,2
DA:41,4
DA:43,5
DA:47,5
DA:48,2
DA:49,2
DA:50,7
DA:51,1
DA:53,2
DA:62,3
DA:63,3
DA:65,2
DA:66,2
DA:67,3
DA:70,2
DA:71,2
DA:73,2
DA:86,2
DA:87,3
DA:90,2
DA:94,2
DA:96,2
DA:111,2
LF:24
LH:24
BRDA:39,0,0,2
BRDA:39,0,1,5
BRDA:47,1,0,3
BRDA:47,1,1,2
BRDA:49,2,0,2
BRDA:49,2,1,1
BRDA:63,3,0,1
BRDA:63,3,1,2
BRDA:71,4,0,1
BRDA:71,4,1,1
BRDA:94,5,0,1
BRDA:94,5,1,1
BRF:12
BRH:12
end_of_record
TN:
SF:app/server/session.ts
FN:15,secretKey
FN:22,createSessionToken
FN:34,verifySessionToken
FN:47,cookieHeader
FN:52,clearCookieHeader
FN:56,readSessionToken
FN:66,revokeSession
FN:71,isRevoked
FN:76,tokenKey
FNF:9
FNH:9
FNDA:19,secretKey
FNDA:9,createSessionToken
FNDA:10,verifySessionToken
FNDA:7,cookieHeader
FNDA:1,clearCookieHeader
FNDA:10,readSessionToken
FNDA:2,revokeSession
FNDA:7,isRevoked
FNDA:9,tokenKey
DA:4,12
DA:5,12
DA:16,19
DA:17,1
DA:19,18
DA:26,9
DA:38,10
DA:39,10
DA:40,7
DA:41,5
DA:43,3
DA:48,7
DA:49,7
DA:53,1
DA:57,10
DA:58,8
DA:59,9
DA:60,9
DA:62,1
DA:67,2
DA:68,2
DA:72,7
DA:73,7
DA:77,9
DA:78,9
DA:79,9
DA:80,9
DA:81,288
DA:82,9
LF:29
LH:29
BRDA:16,0,0,1
BRDA:16,0,1,18
BRDA:40,1,0,2
BRDA:40,1,1,5
BRDA:47,2,0,7
BRDA:57,3,0,2
BRDA:57,3,1,8
BRDA:60,4,0,7
BRDA:60,4,1,2
BRF:9
BRH:9
end_of_record
TN:
SF:app/server/time-entries.ts
FN:10,listActivitiesImpl
FN:21,listTimeEntriesImpl
FN:67,createTimeEntryImpl
FN:95,deleteTimeEntryImpl
FNF:4
FNH:4
FNDA:1,listActivitiesImpl
FNDA:3,listTimeEntriesImpl
FNDA:6,createTimeEntryImpl
FNDA:2,deleteTimeEntryImpl
DA:11,1
DA:22,3
DA:23,3
DA:24,3
DA:25,3
DA:27,3
DA:50,3
DA:54,3
DA:57,1
DA:72,6
DA:84,6
DA:92,6
DA:99,2
DA:100,2
DA:101,1
DA:102,1
LF:16
LH:16
BRDA:23,0,0,1
BRDA:23,0,1,2
BRDA:24,1,0,1
BRDA:24,1,1,2
BRDA:25,2,0,1
BRDA:25,2,1,2
BRDA:76,3,0,6
BRDA:76,3,1,5
BRDA:89,4,0,1
BRDA:89,4,1,5
BRDA:100,5,0,1
BRDA:100,5,1,1
BRF:12
BRH:12
end_of_record
TN:
SF:app/server/versions.ts
FN:23,listVersionsImpl
FN:40,(anonymous_1)
FN:41,(anonymous_2)
FN:43,(anonymous_3)
FN:61,createVersionImpl
FN:85,updateVersionImpl
FN:98,deleteVersionImpl
FNF:7
FNH:7
FNDA:2,listVersionsImpl
FNDA:2,(anonymous_1)
FNDA:3,(anonymous_2)
FNDA:3,(anonymous_3)
FNDA:5,createVersionImpl
FNDA:1,updateVersionImpl
FNDA:1,deleteVersionImpl
DA:27,2
DA:31,2
DA:40,2
DA:41,3
DA:42,2
DA:43,3
DA:44,2
DA:45,2
DA:49,1
DA:62,5
DA:72,5
DA:75,1
DA:86,1
DA:95,1
DA:99,1
DA:100,1
LF:16
LH:16
BRDA:44,0,0,1
BRDA:44,0,1,1
BRDA:68,1,0,5
BRDA:68,1,1,5
BRF:4
BRH:4
end_of_record
TN:
SF:app/server/wiki.ts
FN:11,getOrCreateWiki
FN:20,listWikiPagesImpl
FN:36,getWikiPageImpl
FN:72,saveWikiPageImpl
FN:131,deleteWikiPageImpl
FNF:5
FNH:5
FNDA:19,getOrCreateWiki
FNDA:2,listWikiPagesImpl
FNDA:3,getWikiPageImpl
FNDA:14,saveWikiPageImpl
FNDA:1,deleteWikiPageImpl
DA:12,19
DA:13,19
DA:14,1
DA:15,1
DA:17,19
DA:21,2
DA:22,2
DA:33,2
DA:37,3
DA:38,3
DA:41,3
DA:42,2
DA:47,3
DA:59,2
DA:62,2
DA:77,14
DA:78,14
DA:79,14
DA:82,14
DA:83,12
DA:87,12
DA:89,2
DA:94,14
DA:100,14
DA:101,14
DA:111,14
DA:117,14
DA:119,14
DA:128,14
DA:132,1
DA:133,1
LF:31
LH:31
BRDA:13,0,0,1
BRDA:13,0,1,18
BRDA:41,1,0,1
BRDA:41,1,1,2
BRDA:42,2,0,1
BRDA:42,2,1,1
BRDA:78,3,0,14
BRDA:78,3,1,1
BRDA:82,4,0,12
BRDA:82,4,1,2
BRDA:85,5,0,12
BRDA:85,5,1,12
BRDA:91,6,0,2
BRDA:91,6,1,2
BRDA:100,7,0,14
BRDA:100,7,1,12
BRF:16
BRH:16
end_of_record
